adns debug: using nameserver 172.18.45.6
254.0.99.203.in-addr.arpa flags 0 type 1 A(-) submitted
254.0.99.203.in-addr.arpa flags 0 type 2 NS(raw) submitted
254.0.99.203.in-addr.arpa flags 0 type 5 CNAME(-) submitted
254.0.99.203.in-addr.arpa flags 0 type 6 SOA(raw) submitted
254.0.99.203.in-addr.arpa flags 0 type 12 PTR(raw) submitted
254.0.99.203.in-addr.arpa flags 0 type 13 HINFO(-) submitted
254.0.99.203.in-addr.arpa flags 0 type 15 MX(raw) submitted
254.0.99.203.in-addr.arpa flags 0 type 16 TXT(-) submitted
254.0.99.203.in-addr.arpa flags 0 type 17 RP(raw) submitted
254.0.99.203.in-addr.arpa flags 0 type 65537 A(addr) submitted
254.0.99.203.in-addr.arpa flags 0 type 65538 NS(+addr) submitted
254.0.99.203.in-addr.arpa flags 0 type 65548 PTR(checked) submitted
254.0.99.203.in-addr.arpa flags 0 type 65551 MX(+addr) submitted
254.0.99.203.in-addr.arpa flags 0 type 131078 SOA(822) submitted
254.0.99.203.in-addr.arpa flags 0 type 131089 RP(822) submitted
254.0.99.203.in-addr.arpa flags 0 type SOA(raw): No such data; nrrs=0; cname=$; owner=$; ttl=3600
254.0.99.203.in-addr.arpa flags 0 type NS(raw): No such data; nrrs=0; cname=$; owner=$; ttl=3600
254.0.99.203.in-addr.arpa flags 0 type A(-): No such data; nrrs=0; cname=$; owner=$; ttl=3600
254.0.99.203.in-addr.arpa flags 0 type CNAME(-): No such data; nrrs=0; cname=$; owner=$; ttl=3600
254.0.99.203.in-addr.arpa flags 0 type HINFO(-): No such data; nrrs=0; cname=$; owner=$; ttl=3600
254.0.99.203.in-addr.arpa flags 0 type MX(raw): No such data; nrrs=0; cname=$; owner=$; ttl=3600
254.0.99.203.in-addr.arpa flags 0 type TXT(-): No such data; nrrs=0; cname=$; owner=$; ttl=3600
254.0.99.203.in-addr.arpa flags 0 type RP(raw): No such data; nrrs=0; cname=$; owner=$; ttl=3600
254.0.99.203.in-addr.arpa flags 0 type A(addr): No such data; nrrs=0; cname=$; owner=$; ttl=3600
254.0.99.203.in-addr.arpa flags 0 type NS(+addr): No such data; nrrs=0; cname=$; owner=$; ttl=3600
254.0.99.203.in-addr.arpa flags 0 type MX(+addr): No such data; nrrs=0; cname=$; owner=$; ttl=3600
254.0.99.203.in-addr.arpa flags 0 type SOA(822): No such data; nrrs=0; cname=$; owner=$; ttl=3600
254.0.99.203.in-addr.arpa flags 0 type RP(822): No such data; nrrs=0; cname=$; owner=$; ttl=3600
adns debug: TCP connected (NS=172.18.45.6)
254.0.99.203.in-addr.arpa flags 0 type PTR(raw): OK; nrrs=114; cname=$; owner=$; ttl=3599
 ns.security.co.nz
 tetra.co.nz
 mail.agate.co.nz
 ns.agate.co.nz
 securitytraining.co.nz
 mail.securityseals.co.nz
 mail.aldridge.co.nz
 ns.giftbasket.co.nz
 ns.security.gen.nz
 bouquet.co.nz
 ns.aldridge.co.nz
 investigation.co.nz
 ns.nzipi.org.nz
 mail.neru.co.nz
 security.co.nz
 ns.storewatch.co.nz
 security.gen.nz
 toughsteel.com.au
 ns.tetra.co.nz
 mail.tetra.co.nz
 ns.securicard.co.nz
 ns.underhour.co.nz
 bcc.co.nz
 security.org.nz
 burglaralarms.co.nz
 ns.safes.co.nz
 ns.security.org.nz
 couperconsulting.co.nz
 securityguards.co.nz
 ns.copycatz.co.nz
 ns.toughsteel.com.au
 ns.guards.co.nz
 asis.org.nz
 neru.co.nz
 giftbasket.co.nz
 magic.co.nz
 mail.bcc.co.nz
 ns.investigation.co.nz
 nzipi.org.nz
 ns.mitchells.co.nz
 ns.bouquet.co.nz
 mail.safes.co.nz
 ns.bcc.co.nz
 ns.burglaralarms.co.nz
 ns.securityguards.co.nz
 covertcameras.co.nz
 ns.neru.co.nz
 ns.covertcameras.co.nz
 bouquets.co.nz
 concentric.co.nz
 ns.securitytraining.co.nz
 mail.couperconsulting.co.nz
 retailsecurity.co.nz
 ns.concentric.co.nz
 mail.magic.co.nz
 nzangling.co.nz
 ns.couperconsulting.co.nz
 ns.nzangling.co.nz
 mail.storewatch.co.nz
 swift.co.nz
 mail.selective.co.nz
 ns.forefront.co.nz
 mail.nzangling.co.nz
 guards.co.nz
 mail.nzdesigns.co.nz
 storewatch.co.nz
 ns.securitymanagement.co.nz
 mail.woolworths.co.nz
 mail.concentric.co.nz
 selective.co.nz
 specialinvestigations.co.nz
 ns.toughsteel.co.nz
 ns.swift.co.nz
 mail.swift.co.nz
 ns.securenet.net.nz
 privateinvestigation.co.nz
 ns.privateinvestigation.co.nz
 etrade.co.nz
 ns.specialinvestigations.co.nz
 mail.ansett.co.nz
 ftp.warrent.co.nz
 ns.retailsecurity.co.nz
 mail.securitymanagement.co.nz
 mail.toughsteel.co.nz
 ns.magic.co.nz
 securityseals.co.nz
 mail.forefront.co.nz
 mail.securicard.co.nz
 mail.toughsteel.com.au
 securicard.co.nz
 ns.nzdesigns.co.nz
 safes.co.nz
 ns.securityseals.co.nz
 mitchells.co.nz
 ns.selective.co.nz
 forefront.co.nz
 securitymanagement.co.nz
 idcard.co.nz
 mail.copycatz.co.nz
 ns.idcard.co.nz
 toughsteel.co.nz
 aldridge.co.nz
 copycatz.co.nz
 underhour.co.nz
 securenet.net.nz
 mail.specialinvestigations.co.nz
 nzdesigns.co.nz
 ns.etrade.co.nz
 mail.mitchells.co.nz
 mail.nzipi.org.nz
 mail.underhour.co.nz
 ns.asis.org.nz
 ns.bouquets.co.nz
 agate.co.nz
adns debug: reply not found, id 3138, query owner ns.aldridge.co.nz (NS=172.18.45.6)
254.0.99.203.in-addr.arpa flags 0 type PTR(checked): Inconsistent resource records in DNS; nrrs=0; cname=$; owner=$; ttl=3596
rc=0
