adns debug: using nameserver 172.18.45.6
trunc.test.iwj.relativity.greenend.org.uk type 1 A(-) submitted
trunc.test.iwj.relativity.greenend.org.uk type 2 NS(raw) submitted
trunc.test.iwj.relativity.greenend.org.uk type 5 CNAME(-) submitted
trunc.test.iwj.relativity.greenend.org.uk type 6 SOA(raw) submitted
trunc.test.iwj.relativity.greenend.org.uk type 12 PTR(raw) submitted
trunc.test.iwj.relativity.greenend.org.uk type 13 HINFO(-) submitted
trunc.test.iwj.relativity.greenend.org.uk type 15 MX(raw) submitted
trunc.test.iwj.relativity.greenend.org.uk type 16 TXT(-) submitted
trunc.test.iwj.relativity.greenend.org.uk type 17 RP(raw) submitted
trunc.test.iwj.relativity.greenend.org.uk type 65537 A(addr) submitted
trunc.test.iwj.relativity.greenend.org.uk type 65538 NS(+addr) submitted
trunc.test.iwj.relativity.greenend.org.uk type 65548 PTR(checked) submitted
trunc.test.iwj.relativity.greenend.org.uk type 65551 MX(+addr) submitted
trunc.test.iwj.relativity.greenend.org.uk type 131078 SOA(822) submitted
trunc.test.iwj.relativity.greenend.org.uk type 131089 RP(822) submitted
trunc.test.iwj.relativity.greenend.org.uk type A(-): No such data; nrrs=0; cname=$
trunc.test.iwj.relativity.greenend.org.uk type NS(raw): No such data; nrrs=0; cname=$
trunc.test.iwj.relativity.greenend.org.uk type CNAME(-): No such data; nrrs=0; cname=$
trunc.test.iwj.relativity.greenend.org.uk type SOA(raw): No such data; nrrs=0; cname=$
adns debug: TCP connected (NS=172.18.45.6)
trunc.test.iwj.relativity.greenend.org.uk type PTR(raw): OK; nrrs=30; cname=$
 "long.domain.to.force.truncation.0.test.iwj.relativity.greenend.org.uk"
 "long.domain.to.force.truncation.1.test.iwj.relativity.greenend.org.uk"
 "long.domain.to.force.truncation.2.test.iwj.relativity.greenend.org.uk"
 "long.domain.to.force.truncation.3.test.iwj.relativity.greenend.org.uk"
 "long.domain.to.force.truncation.4.test.iwj.relativity.greenend.org.uk"
 "long.domain.to.force.truncation.5.test.iwj.relativity.greenend.org.uk"
 "long.domain.to.force.truncation.6.test.iwj.relativity.greenend.org.uk"
 "long.domain.to.force.truncation.7.test.iwj.relativity.greenend.org.uk"
 "long.domain.to.force.truncation.8.test.iwj.relativity.greenend.org.uk"
 "long.domain.to.force.truncation.9.test.iwj.relativity.greenend.org.uk"
 "long.domain.to.force.truncation.10.test.iwj.relativity.greenend.org.uk"
 "long.domain.to.force.truncation.11.test.iwj.relativity.greenend.org.uk"
 "long.domain.to.force.truncation.12.test.iwj.relativity.greenend.org.uk"
 "long.domain.to.force.truncation.13.test.iwj.relativity.greenend.org.uk"
 "long.domain.to.force.truncation.14.test.iwj.relativity.greenend.org.uk"
 "long.domain.to.force.truncation.15.test.iwj.relativity.greenend.org.uk"
 "long.domain.to.force.truncation.16.test.iwj.relativity.greenend.org.uk"
 "long.domain.to.force.truncation.17.test.iwj.relativity.greenend.org.uk"
 "long.domain.to.force.truncation.18.test.iwj.relativity.greenend.org.uk"
 "long.domain.to.force.truncation.19.test.iwj.relativity.greenend.org.uk"
 "long.domain.to.force.truncation.20.test.iwj.relativity.greenend.org.uk"
 "long.domain.to.force.truncation.21.test.iwj.relativity.greenend.org.uk"
 "long.domain.to.force.truncation.22.test.iwj.relativity.greenend.org.uk"
 "long.domain.to.force.truncation.23.test.iwj.relativity.greenend.org.uk"
 "long.domain.to.force.truncation.24.test.iwj.relativity.greenend.org.uk"
 "long.domain.to.force.truncation.25.test.iwj.relativity.greenend.org.uk"
 "long.domain.to.force.truncation.26.test.iwj.relativity.greenend.org.uk"
 "long.domain.to.force.truncation.27.test.iwj.relativity.greenend.org.uk"
 "long.domain.to.force.truncation.28.test.iwj.relativity.greenend.org.uk"
 "long.domain.to.force.truncation.29.test.iwj.relativity.greenend.org.uk"
trunc.test.iwj.relativity.greenend.org.uk type HINFO(-): No such data; nrrs=0; cname=$
trunc.test.iwj.relativity.greenend.org.uk type MX(raw): No such data; nrrs=0; cname=$
trunc.test.iwj.relativity.greenend.org.uk type TXT(-): No such data; nrrs=0; cname=$
trunc.test.iwj.relativity.greenend.org.uk type RP(raw): No such data; nrrs=0; cname=$
trunc.test.iwj.relativity.greenend.org.uk type A(addr): No such data; nrrs=0; cname=$
trunc.test.iwj.relativity.greenend.org.uk type NS(+addr): No such data; nrrs=0; cname=$
trunc.test.iwj.relativity.greenend.org.uk type PTR(checked): Domain invalid for particular DNS query type; nrrs=0; cname=$
trunc.test.iwj.relativity.greenend.org.uk type MX(+addr): No such data; nrrs=0; cname=$
trunc.test.iwj.relativity.greenend.org.uk type SOA(822): No such data; nrrs=0; cname=$
trunc.test.iwj.relativity.greenend.org.uk type RP(822): No such data; nrrs=0; cname=$
